mode: set
github.com/prettymuchbryce/rugburn/scraper.go:27.57,31.38 3 0
github.com/prettymuchbryce/rugburn/scraper.go:58.2,58.18 1 0
github.com/prettymuchbryce/rugburn/scraper.go:146.2,148.16 3 0
github.com/prettymuchbryce/rugburn/scraper.go:151.2,152.12 2 0
github.com/prettymuchbryce/rugburn/scraper.go:31.38,33.17 2 0
github.com/prettymuchbryce/rugburn/scraper.go:37.3,38.35 2 0
github.com/prettymuchbryce/rugburn/scraper.go:47.3,55.27 3 0
github.com/prettymuchbryce/rugburn/scraper.go:33.17,35.4 1 0
github.com/prettymuchbryce/rugburn/scraper.go:38.35,41.18 2 0
github.com/prettymuchbryce/rugburn/scraper.go:44.4,44.50 1 0
github.com/prettymuchbryce/rugburn/scraper.go:41.18,43.5 1 0
github.com/prettymuchbryce/rugburn/scraper.go:58.18,59.28 1 0
github.com/prettymuchbryce/rugburn/scraper.go:59.28,65.18 6 0
github.com/prettymuchbryce/rugburn/scraper.go:69.4,72.18 4 0
github.com/prettymuchbryce/rugburn/scraper.go:76.4,76.29 1 0
github.com/prettymuchbryce/rugburn/scraper.go:92.4,94.32 2 0
github.com/prettymuchbryce/rugburn/scraper.go:121.4,121.37 1 0
github.com/prettymuchbryce/rugburn/scraper.go:131.4,131.30 1 0
github.com/prettymuchbryce/rugburn/scraper.go:65.18,67.5 1 0
github.com/prettymuchbryce/rugburn/scraper.go:72.18,74.5 1 0
github.com/prettymuchbryce/rugburn/scraper.go:76.29,78.19 2 0
github.com/prettymuchbryce/rugburn/scraper.go:82.5,83.19 2 0
github.com/prettymuchbryce/rugburn/scraper.go:87.5,87.27 1 0
github.com/prettymuchbryce/rugburn/scraper.go:78.19,80.6 1 0
github.com/prettymuchbryce/rugburn/scraper.go:83.19,85.6 1 0
github.com/prettymuchbryce/rugburn/scraper.go:87.27,89.6 1 0
github.com/prettymuchbryce/rugburn/scraper.go:94.32,96.19 2 0
github.com/prettymuchbryce/rugburn/scraper.go:100.5,101.19 2 0
github.com/prettymuchbryce/rugburn/scraper.go:105.5,105.32 1 0
github.com/prettymuchbryce/rugburn/scraper.go:96.19,98.6 1 0
github.com/prettymuchbryce/rugburn/scraper.go:101.19,103.6 1 0
github.com/prettymuchbryce/rugburn/scraper.go:105.32,107.20 2 0
github.com/prettymuchbryce/rugburn/scraper.go:110.6,110.39 1 0
github.com/prettymuchbryce/rugburn/scraper.go:107.20,109.7 1 0
github.com/prettymuchbryce/rugburn/scraper.go:112.5,114.19 2 0
github.com/prettymuchbryce/rugburn/scraper.go:117.5,117.38 1 0
github.com/prettymuchbryce/rugburn/scraper.go:114.19,116.6 1 0
github.com/prettymuchbryce/rugburn/scraper.go:121.37,122.31 1 0
github.com/prettymuchbryce/rugburn/scraper.go:122.31,124.20 2 0
github.com/prettymuchbryce/rugburn/scraper.go:127.6,127.25 1 0
github.com/prettymuchbryce/rugburn/scraper.go:124.20,126.7 1 0
github.com/prettymuchbryce/rugburn/scraper.go:131.30,132.20 1 0
github.com/prettymuchbryce/rugburn/scraper.go:135.5,136.19 2 0
github.com/prettymuchbryce/rugburn/scraper.go:139.5,139.70 1 0
github.com/prettymuchbryce/rugburn/scraper.go:132.20,133.14 1 0
github.com/prettymuchbryce/rugburn/scraper.go:136.19,138.6 1 0
github.com/prettymuchbryce/rugburn/scraper.go:139.70,141.6 1 0
github.com/prettymuchbryce/rugburn/scraper.go:148.16,150.3 1 0
github.com/prettymuchbryce/rugburn/scraper.go:155.102,157.16 2 1
github.com/prettymuchbryce/rugburn/scraper.go:160.2,173.16 6 1
github.com/prettymuchbryce/rugburn/scraper.go:176.2,181.41 2 1
github.com/prettymuchbryce/rugburn/scraper.go:184.2,190.16 6 1
github.com/prettymuchbryce/rugburn/scraper.go:194.2,194.22 1 1
github.com/prettymuchbryce/rugburn/scraper.go:157.16,159.3 1 0
github.com/prettymuchbryce/rugburn/scraper.go:173.16,175.3 1 0
github.com/prettymuchbryce/rugburn/scraper.go:181.41,183.3 1 0
github.com/prettymuchbryce/rugburn/scraper.go:190.16,192.3 1 0
github.com/prettymuchbryce/rugburn/scraper.go:197.109,201.16 4 0
github.com/prettymuchbryce/rugburn/scraper.go:205.2,206.16 2 0
github.com/prettymuchbryce/rugburn/scraper.go:210.2,211.16 2 0
github.com/prettymuchbryce/rugburn/scraper.go:215.2,215.20 1 0
github.com/prettymuchbryce/rugburn/scraper.go:219.2,219.16 1 0
github.com/prettymuchbryce/rugburn/scraper.go:235.2,235.37 1 0
github.com/prettymuchbryce/rugburn/scraper.go:201.16,203.3 1 0
github.com/prettymuchbryce/rugburn/scraper.go:206.16,208.3 1 0
github.com/prettymuchbryce/rugburn/scraper.go:211.16,213.3 1 0
github.com/prettymuchbryce/rugburn/scraper.go:215.20,217.3 1 0
github.com/prettymuchbryce/rugburn/scraper.go:219.16,221.17 2 0
github.com/prettymuchbryce/rugburn/scraper.go:225.3,226.17 2 0
github.com/prettymuchbryce/rugburn/scraper.go:230.3,230.25 1 0
github.com/prettymuchbryce/rugburn/scraper.go:221.17,223.4 1 0
github.com/prettymuchbryce/rugburn/scraper.go:226.17,228.4 1 0
github.com/prettymuchbryce/rugburn/scraper.go:230.25,232.4 1 0
github.com/prettymuchbryce/rugburn/scraper.go:239.97,241.27 2 1
github.com/prettymuchbryce/rugburn/scraper.go:305.2,305.20 1 1
github.com/prettymuchbryce/rugburn/scraper.go:241.27,242.24 1 1
github.com/prettymuchbryce/rugburn/scraper.go:243.11,244.65 1 0
github.com/prettymuchbryce/rugburn/scraper.go:245.31,246.32 1 1
github.com/prettymuchbryce/rugburn/scraper.go:280.15,282.18 2 1
github.com/prettymuchbryce/rugburn/scraper.go:286.4,287.18 2 1
github.com/prettymuchbryce/rugburn/scraper.go:291.4,292.25 2 1
github.com/prettymuchbryce/rugburn/scraper.go:298.4,299.30 2 0
github.com/prettymuchbryce/rugburn/scraper.go:302.4,302.24 1 0
github.com/prettymuchbryce/rugburn/scraper.go:246.32,248.12 2 1
github.com/prettymuchbryce/rugburn/scraper.go:252.5,253.33 2 1
github.com/prettymuchbryce/rugburn/scraper.go:270.5,271.33 2 1
github.com/prettymuchbryce/rugburn/scraper.go:278.5,278.22 1 1
github.com/prettymuchbryce/rugburn/scraper.go:248.12,250.6 1 0
github.com/prettymuchbryce/rugburn/scraper.go:253.33,255.13 2 1
github.com/prettymuchbryce/rugburn/scraper.go:258.6,259.20 2 1
github.com/prettymuchbryce/rugburn/scraper.go:263.6,264.20 2 1
github.com/prettymuchbryce/rugburn/scraper.go:268.6,268.25 1 1
github.com/prettymuchbryce/rugburn/scraper.go:255.13,257.7 1 0
github.com/prettymuchbryce/rugburn/scraper.go:259.20,261.7 1 0
github.com/prettymuchbryce/rugburn/scraper.go:264.20,266.7 1 0
github.com/prettymuchbryce/rugburn/scraper.go:271.33,273.20 2 1
github.com/prettymuchbryce/rugburn/scraper.go:276.6,276.35 1 1
github.com/prettymuchbryce/rugburn/scraper.go:273.20,275.7 1 0
github.com/prettymuchbryce/rugburn/scraper.go:282.18,284.5 1 0
github.com/prettymuchbryce/rugburn/scraper.go:287.18,289.5 1 0
github.com/prettymuchbryce/rugburn/scraper.go:292.25,295.13 3 1
github.com/prettymuchbryce/rugburn/scraper.go:299.30,301.5 1 0
github.com/prettymuchbryce/rugburn/spider.go:25.56,34.16 3 1
github.com/prettymuchbryce/rugburn/spider.go:38.2,38.55 1 1
github.com/prettymuchbryce/rugburn/spider.go:43.2,43.35 1 1
github.com/prettymuchbryce/rugburn/spider.go:58.2,60.16 3 1
github.com/prettymuchbryce/rugburn/spider.go:63.2,63.10 1 1
github.com/prettymuchbryce/rugburn/spider.go:68.2,68.6 1 1
github.com/prettymuchbryce/rugburn/spider.go:34.16,36.3 1 0
github.com/prettymuchbryce/rugburn/spider.go:38.55,41.3 2 0
github.com/prettymuchbryce/rugburn/spider.go:43.35,45.17 2 1
github.com/prettymuchbryce/rugburn/spider.go:49.3,53.17 3 1
github.com/prettymuchbryce/rugburn/spider.go:45.17,48.4 2 0
github.com/prettymuchbryce/rugburn/spider.go:53.17,55.4 1 0
github.com/prettymuchbryce/rugburn/spider.go:60.16,62.3 1 0
github.com/prettymuchbryce/rugburn/spider.go:63.10,66.3 2 0
github.com/prettymuchbryce/rugburn/spider.go:68.6,69.10 1 1
github.com/prettymuchbryce/rugburn/spider.go:70.19,72.18 2 1
github.com/prettymuchbryce/rugburn/spider.go:75.4,76.18 2 1
github.com/prettymuchbryce/rugburn/spider.go:79.4,79.33 1 1
github.com/prettymuchbryce/rugburn/spider.go:88.4,91.18 3 1
github.com/prettymuchbryce/rugburn/spider.go:95.4,95.53 1 1
github.com/prettymuchbryce/rugburn/spider.go:100.4,102.18 3 1
github.com/prettymuchbryce/rugburn/spider.go:105.4,105.12 1 1
github.com/prettymuchbryce/rugburn/spider.go:72.18,74.5 1 0
github.com/prettymuchbryce/rugburn/spider.go:76.18,78.5 1 0
github.com/prettymuchbryce/rugburn/spider.go:79.33,84.19 3 1
github.com/prettymuchbryce/rugburn/spider.go:84.19,86.6 1 0
github.com/prettymuchbryce/rugburn/spider.go:91.18,93.5 1 0
github.com/prettymuchbryce/rugburn/spider.go:95.53,98.5 2 1
github.com/prettymuchbryce/rugburn/spider.go:102.18,104.5 1 0
github.com/prettymuchbryce/rugburn/spider.go:105.12,108.5 2 0
github.com/prettymuchbryce/rugburn/spider.go:113.76,116.26 3 1
github.com/prettymuchbryce/rugburn/spider.go:147.2,147.21 1 1
github.com/prettymuchbryce/rugburn/spider.go:151.2,151.19 1 1
github.com/prettymuchbryce/rugburn/spider.go:116.26,117.19 1 1
github.com/prettymuchbryce/rugburn/spider.go:121.3,123.17 3 1
github.com/prettymuchbryce/rugburn/spider.go:127.3,131.17 5 1
github.com/prettymuchbryce/rugburn/spider.go:135.3,136.17 2 1
github.com/prettymuchbryce/rugburn/spider.go:139.3,139.14 1 1
github.com/prettymuchbryce/rugburn/spider.go:143.3,144.15 2 1
github.com/prettymuchbryce/rugburn/spider.go:117.19,118.9 1 0
github.com/prettymuchbryce/rugburn/spider.go:123.17,125.4 1 0
github.com/prettymuchbryce/rugburn/spider.go:131.17,133.4 1 0
github.com/prettymuchbryce/rugburn/spider.go:136.17,138.4 1 0
github.com/prettymuchbryce/rugburn/spider.go:139.14,141.12 2 0
github.com/prettymuchbryce/rugburn/spider.go:147.21,149.3 1 0
github.com/prettymuchbryce/rugburn/spider.go:154.78,163.16 4 1
github.com/prettymuchbryce/rugburn/spider.go:170.2,170.28 1 1
github.com/prettymuchbryce/rugburn/spider.go:177.2,178.16 2 1
github.com/prettymuchbryce/rugburn/spider.go:183.2,186.16 3 1
github.com/prettymuchbryce/rugburn/spider.go:197.2,199.40 2 1
github.com/prettymuchbryce/rugburn/spider.go:228.2,228.13 1 1
github.com/prettymuchbryce/rugburn/spider.go:163.16,168.3 4 0
github.com/prettymuchbryce/rugburn/spider.go:170.28,175.3 4 1
github.com/prettymuchbryce/rugburn/spider.go:178.16,181.3 2 0
github.com/prettymuchbryce/rugburn/spider.go:186.16,189.17 3 1
github.com/prettymuchbryce/rugburn/spider.go:189.17,194.4 4 1
github.com/prettymuchbryce/rugburn/spider.go:199.40,201.17 2 1
github.com/prettymuchbryce/rugburn/spider.go:206.3,207.17 2 1
github.com/prettymuchbryce/rugburn/spider.go:211.3,211.29 1 1
github.com/prettymuchbryce/rugburn/spider.go:201.17,204.12 3 0
github.com/prettymuchbryce/rugburn/spider.go:207.17,209.12 2 0
github.com/prettymuchbryce/rugburn/spider.go:211.29,212.18 1 1
github.com/prettymuchbryce/rugburn/spider.go:215.4,215.22 1 1
github.com/prettymuchbryce/rugburn/spider.go:212.18,214.5 1 0
github.com/prettymuchbryce/rugburn/spider.go:215.22,217.19 2 1
github.com/prettymuchbryce/rugburn/spider.go:220.5,220.21 1 1
github.com/prettymuchbryce/rugburn/spider.go:223.5,223.51 1 1
github.com/prettymuchbryce/rugburn/spider.go:217.19,219.6 1 0
github.com/prettymuchbryce/rugburn/spider.go:220.21,222.6 1 0
github.com/prettymuchbryce/rugburn/store.go:17.13,20.2 2 1
github.com/prettymuchbryce/rugburn/store.go:36.61,37.25 1 0
github.com/prettymuchbryce/rugburn/store.go:38.20,39.39 1 0
github.com/prettymuchbryce/rugburn/store.go:40.19,41.52 1 0
github.com/prettymuchbryce/rugburn/store.go:42.10,43.73 1 0
github.com/prettymuchbryce/rugburn/store.go:48.56,52.46 3 1
github.com/prettymuchbryce/rugburn/store.go:56.2,56.21 1 1
github.com/prettymuchbryce/rugburn/store.go:63.2,63.25 1 1
github.com/prettymuchbryce/rugburn/store.go:52.46,54.3 1 0
github.com/prettymuchbryce/rugburn/store.go:56.21,58.17 2 1
github.com/prettymuchbryce/rugburn/store.go:58.17,60.4 1 0
github.com/prettymuchbryce/rugburn/store.go:66.73,68.16 2 1
github.com/prettymuchbryce/rugburn/store.go:72.2,76.16 5 1
github.com/prettymuchbryce/rugburn/store.go:80.2,80.15 1 1
github.com/prettymuchbryce/rugburn/store.go:68.16,70.3 1 0
github.com/prettymuchbryce/rugburn/store.go:76.16,78.3 1 0
github.com/prettymuchbryce/rugburn/store.go:83.58,85.2 1 0
github.com/prettymuchbryce/rugburn/store.go:87.57,92.16 5 1
github.com/prettymuchbryce/rugburn/store.go:96.2,97.16 2 1
github.com/prettymuchbryce/rugburn/store.go:101.2,102.16 2 1
github.com/prettymuchbryce/rugburn/store.go:106.2,107.16 2 1
github.com/prettymuchbryce/rugburn/store.go:111.2,115.16 4 1
github.com/prettymuchbryce/rugburn/store.go:119.2,119.29 1 1
github.com/prettymuchbryce/rugburn/store.go:92.16,94.3 1 0
github.com/prettymuchbryce/rugburn/store.go:97.16,99.3 1 0
github.com/prettymuchbryce/rugburn/store.go:102.16,104.3 1 0
github.com/prettymuchbryce/rugburn/store.go:107.16,109.3 1 0
github.com/prettymuchbryce/rugburn/store.go:115.16,117.3 1 0
github.com/prettymuchbryce/rugburn/store.go:122.59,127.16 5 1
github.com/prettymuchbryce/rugburn/store.go:130.2,130.49 1 1
github.com/prettymuchbryce/rugburn/store.go:127.16,129.3 1 0
github.com/prettymuchbryce/rugburn/store.go:133.67,135.18 2 0
github.com/prettymuchbryce/rugburn/store.go:139.2,144.16 4 0
github.com/prettymuchbryce/rugburn/store.go:148.2,152.16 5 0
github.com/prettymuchbryce/rugburn/store.go:156.2,156.21 1 0
github.com/prettymuchbryce/rugburn/store.go:135.18,137.3 1 0
github.com/prettymuchbryce/rugburn/store.go:144.16,146.3 1 0
github.com/prettymuchbryce/rugburn/store.go:152.16,154.3 1 0
github.com/prettymuchbryce/rugburn/store.go:159.60,161.2 1 1
github.com/prettymuchbryce/rugburn/bindata.go:21.60,23.16 2 0
github.com/prettymuchbryce/rugburn/bindata.go:27.2,31.16 4 0
github.com/prettymuchbryce/rugburn/bindata.go:34.2,34.18 1 0
github.com/prettymuchbryce/rugburn/bindata.go:38.2,38.25 1 0
github.com/prettymuchbryce/rugburn/bindata.go:23.16,25.3 1 0
github.com/prettymuchbryce/rugburn/bindata.go:31.16,33.3 1 0
github.com/prettymuchbryce/rugburn/bindata.go:34.18,36.3 1 0
github.com/prettymuchbryce/rugburn/bindata.go:53.41,55.2 1 0
github.com/prettymuchbryce/rugburn/bindata.go:56.40,58.2 1 0
github.com/prettymuchbryce/rugburn/bindata.go:59.46,61.2 1 0
github.com/prettymuchbryce/rugburn/bindata.go:62.47,64.2 1 0
github.com/prettymuchbryce/rugburn/bindata.go:65.40,67.2 1 0
github.com/prettymuchbryce/rugburn/bindata.go:68.45,70.2 1 0
github.com/prettymuchbryce/rugburn/bindata.go:74.54,79.2 1 0
github.com/prettymuchbryce/rugburn/bindata.go:81.49,83.16 2 0
github.com/prettymuchbryce/rugburn/bindata.go:87.2,89.15 3 0
github.com/prettymuchbryce/rugburn/bindata.go:83.16,85.3 1 0
github.com/prettymuchbryce/rugburn/bindata.go:94.44,99.2 1 0
github.com/prettymuchbryce/rugburn/bindata.go:101.39,103.16 2 0
github.com/prettymuchbryce/rugburn/bindata.go:107.2,109.15 3 0
github.com/prettymuchbryce/rugburn/bindata.go:103.16,105.3 1 0
github.com/prettymuchbryce/rugburn/bindata.go:115.41,117.43 2 0
github.com/prettymuchbryce/rugburn/bindata.go:124.2,124.52 1 0
github.com/prettymuchbryce/rugburn/bindata.go:117.43,119.17 2 0
github.com/prettymuchbryce/rugburn/bindata.go:122.3,122.22 1 0
github.com/prettymuchbryce/rugburn/bindata.go:119.17,121.4 1 0
github.com/prettymuchbryce/rugburn/bindata.go:129.36,131.16 2 0
github.com/prettymuchbryce/rugburn/bindata.go:135.2,135.10 1 0
github.com/prettymuchbryce/rugburn/bindata.go:131.16,132.54 1 0
github.com/prettymuchbryce/rugburn/bindata.go:141.50,143.43 2 0
github.com/prettymuchbryce/rugburn/bindata.go:150.2,150.56 1 0
github.com/prettymuchbryce/rugburn/bindata.go:143.43,145.17 2 0
github.com/prettymuchbryce/rugburn/bindata.go:148.3,148.21 1 0
github.com/prettymuchbryce/rugburn/bindata.go:145.17,147.4 1 0
github.com/prettymuchbryce/rugburn/bindata.go:154.28,156.29 2 0
github.com/prettymuchbryce/rugburn/bindata.go:159.2,159.14 1 0
github.com/prettymuchbryce/rugburn/bindata.go:156.29,158.3 1 0
github.com/prettymuchbryce/rugburn/bindata.go:181.46,183.20 2 0
github.com/prettymuchbryce/rugburn/bindata.go:193.2,193.22 1 0
github.com/prettymuchbryce/rugburn/bindata.go:196.2,197.39 2 0
github.com/prettymuchbryce/rugburn/bindata.go:200.2,200.16 1 0
github.com/prettymuchbryce/rugburn/bindata.go:183.20,186.30 3 0
github.com/prettymuchbryce/rugburn/bindata.go:186.30,188.19 2 0
github.com/prettymuchbryce/rugburn/bindata.go:188.19,190.5 1 0
github.com/prettymuchbryce/rugburn/bindata.go:193.22,195.3 1 0
github.com/prettymuchbryce/rugburn/bindata.go:197.39,199.3 1 0
github.com/prettymuchbryce/rugburn/bindata.go:215.43,217.16 2 0
github.com/prettymuchbryce/rugburn/bindata.go:220.2,221.16 2 0
github.com/prettymuchbryce/rugburn/bindata.go:224.2,225.16 2 0
github.com/prettymuchbryce/rugburn/bindata.go:228.2,229.16 2 0
github.com/prettymuchbryce/rugburn/bindata.go:232.2,233.16 2 0
github.com/prettymuchbryce/rugburn/bindata.go:236.2,236.12 1 0
github.com/prettymuchbryce/rugburn/bindata.go:217.16,219.3 1 0
github.com/prettymuchbryce/rugburn/bindata.go:221.16,223.3 1 0
github.com/prettymuchbryce/rugburn/bindata.go:225.16,227.3 1 0
github.com/prettymuchbryce/rugburn/bindata.go:229.16,231.3 1 0
github.com/prettymuchbryce/rugburn/bindata.go:233.16,235.3 1 0
github.com/prettymuchbryce/rugburn/bindata.go:240.44,243.16 2 0
github.com/prettymuchbryce/rugburn/bindata.go:247.2,247.33 1 0
github.com/prettymuchbryce/rugburn/bindata.go:253.2,253.12 1 0
github.com/prettymuchbryce/rugburn/bindata.go:243.16,245.3 1 0
github.com/prettymuchbryce/rugburn/bindata.go:247.33,249.17 2 0
github.com/prettymuchbryce/rugburn/bindata.go:249.17,251.4 1 0
github.com/prettymuchbryce/rugburn/bindata.go:256.41,259.2 2 0
github.com/prettymuchbryce/rugburn/main.go:15.13,38.17 8 0
github.com/prettymuchbryce/rugburn/main.go:42.2,49.39 3 0
github.com/prettymuchbryce/rugburn/main.go:175.2,175.42 1 0
github.com/prettymuchbryce/rugburn/main.go:179.2,179.25 1 0
github.com/prettymuchbryce/rugburn/main.go:38.17,40.3 1 0
github.com/prettymuchbryce/rugburn/main.go:49.39,50.90 1 0
github.com/prettymuchbryce/rugburn/main.go:54.5,55.19 2 0
github.com/prettymuchbryce/rugburn/main.go:60.5,61.19 2 0
github.com/prettymuchbryce/rugburn/main.go:64.5,65.19 2 0
github.com/prettymuchbryce/rugburn/main.go:68.5,69.19 2 0
github.com/prettymuchbryce/rugburn/main.go:72.5,73.19 2 0
github.com/prettymuchbryce/rugburn/main.go:78.5,79.19 2 0
github.com/prettymuchbryce/rugburn/main.go:82.5,83.19 2 0
github.com/prettymuchbryce/rugburn/main.go:86.5,87.19 2 0
github.com/prettymuchbryce/rugburn/main.go:90.5,91.19 2 0
github.com/prettymuchbryce/rugburn/main.go:95.5,97.15 3 0
github.com/prettymuchbryce/rugburn/main.go:50.90,53.6 2 0
github.com/prettymuchbryce/rugburn/main.go:55.19,57.6 1 0
github.com/prettymuchbryce/rugburn/main.go:61.19,63.6 1 0
github.com/prettymuchbryce/rugburn/main.go:65.19,67.6 1 0
github.com/prettymuchbryce/rugburn/main.go:69.19,71.6 1 0
github.com/prettymuchbryce/rugburn/main.go:73.19,75.6 1 0
github.com/prettymuchbryce/rugburn/main.go:79.19,81.6 1 0
github.com/prettymuchbryce/rugburn/main.go:83.19,85.6 1 0
github.com/prettymuchbryce/rugburn/main.go:87.19,89.6 1 0
github.com/prettymuchbryce/rugburn/main.go:91.19,93.6 1 0
github.com/prettymuchbryce/rugburn/main.go:115.39,116.43 1 0
github.com/prettymuchbryce/rugburn/main.go:121.5,122.19 2 0
github.com/prettymuchbryce/rugburn/main.go:126.5,128.19 3 0
github.com/prettymuchbryce/rugburn/main.go:133.5,134.19 2 0
github.com/prettymuchbryce/rugburn/main.go:138.5,138.22 1 0
github.com/prettymuchbryce/rugburn/main.go:146.5,146.24 1 0
github.com/prettymuchbryce/rugburn/main.go:154.5,154.15 1 0
github.com/prettymuchbryce/rugburn/main.go:116.43,119.6 2 0
github.com/prettymuchbryce/rugburn/main.go:122.19,125.6 2 0
github.com/prettymuchbryce/rugburn/main.go:128.19,131.6 2 0
github.com/prettymuchbryce/rugburn/main.go:134.19,136.6 1 0
github.com/prettymuchbryce/rugburn/main.go:138.22,141.20 3 0
github.com/prettymuchbryce/rugburn/main.go:141.20,143.7 1 0
github.com/prettymuchbryce/rugburn/main.go:146.24,149.20 3 0
github.com/prettymuchbryce/rugburn/main.go:149.20,151.7 1 0
github.com/prettymuchbryce/rugburn/main.go:160.39,161.89 1 0
github.com/prettymuchbryce/rugburn/main.go:165.5,166.19 2 0
github.com/prettymuchbryce/rugburn/main.go:169.5,170.15 2 0
github.com/prettymuchbryce/rugburn/main.go:161.89,164.6 2 0
github.com/prettymuchbryce/rugburn/main.go:166.19,168.6 1 0
github.com/prettymuchbryce/rugburn/main.go:175.42,177.3 1 0
github.com/prettymuchbryce/rugburn/main.go:218.32,220.16 2 0
github.com/prettymuchbryce/rugburn/main.go:224.2,226.16 3 0
github.com/prettymuchbryce/rugburn/main.go:231.2,232.16 2 0
github.com/prettymuchbryce/rugburn/main.go:236.2,238.16 3 0
github.com/prettymuchbryce/rugburn/main.go:242.2,244.16 3 0
github.com/prettymuchbryce/rugburn/main.go:248.2,248.12 1 0
github.com/prettymuchbryce/rugburn/main.go:220.16,223.3 2 0
github.com/prettymuchbryce/rugburn/main.go:226.16,229.3 2 0
github.com/prettymuchbryce/rugburn/main.go:232.16,234.3 1 0
github.com/prettymuchbryce/rugburn/main.go:238.16,240.3 1 0
github.com/prettymuchbryce/rugburn/main.go:244.16,246.3 1 0
github.com/prettymuchbryce/rugburn/main.go:251.45,253.2 1 1
